<?xml version="1.0" encoding="UTF-8"?>
<coverage generated="1585839485281" clover="3.2.0">
  <project timestamp="1585839485281" name="All files">
    <metrics statements="18" coveredstatements="17" conditionals="4" coveredconditionals="3" methods="6" coveredmethods="5" elements="28" coveredelements="25" complexity="0" loc="18" ncloc="18" packages="1" files="1" classes="1"/>
    <file name="date.js" path="/Users/tvogel/Documents/schule/gibmit/133_Modul/shoolTimeTable_133/js/date.js">
      <metrics statements="18" coveredstatements="17" conditionals="4" coveredconditionals="3" methods="6" coveredmethods="5"/>
      <line num="19" count="6" type="cond" truecount="2" falsecount="0"/>
      <line num="20" count="6" type="stmt"/>
      <line num="21" count="6" type="stmt"/>
      <line num="27" count="6" type="stmt"/>
      <line num="29" count="5" type="stmt"/>
      <line num="30" count="5" type="stmt"/>
      <line num="32" count="5" type="cond" truecount="1" falsecount="1"/>
      <line num="34" count="5" type="stmt"/>
      <line num="36" count="5" type="stmt"/>
      <line num="38" count="5" type="stmt"/>
      <line num="41" count="6" type="stmt"/>
      <line num="43" count="5" type="stmt"/>
      <line num="46" count="2" type="stmt"/>
      <line num="47" count="2" type="stmt"/>
      <line num="50" count="2" type="stmt"/>
      <line num="51" count="2" type="stmt"/>
      <line num="54" count="0" type="stmt"/>
      <line num="59" count="1" type="stmt"/>
    </file>
  </project>
</coverage>
