{"/Users/tvogel/Documents/schule/gibmit/133_Modul/shoolTimeTable_133/js/date.js": {"path":"/Users/tvogel/Documents/schule/gibmit/133_Modul/shoolTimeTable_133/js/date.js","statementMap":{"0":{"start":{"line":19,"column":13},"end":{"line":19,"column":61}},"1":{"start":{"line":20,"column":15},"end":{"line":20,"column":24}},"2":{"start":{"line":21,"column":14},"end":{"line":21,"column":22}},"3":{"start":{"line":27,"column":32},"end":{"line":39,"column":3}},"4":{"start":{"line":29,"column":21},"end":{"line":29,"column":45}},"5":{"start":{"line":30,"column":4},"end":{"line":30,"column":33}},"6":{"start":{"line":32,"column":4},"end":{"line":32,"column":71}},"7":{"start":{"line":34,"column":22},"end":{"line":34,"column":60}},"8":{"start":{"line":36,"column":23},"end":{"line":36,"column":74}},"9":{"start":{"line":38,"column":4},"end":{"line":38,"column":53}},"10":{"start":{"line":41,"column":2},"end":{"line":56,"column":3}},"11":{"start":{"line":43,"column":6},"end":{"line":43,"column":40}},"12":{"start":{"line":46,"column":23},"end":{"line":46,"column":44}},"13":{"start":{"line":47,"column":6},"end":{"line":47,"column":28}},"14":{"start":{"line":50,"column":27},"end":{"line":50,"column":48}},"15":{"start":{"line":51,"column":6},"end":{"line":51,"column":32}},"16":{"start":{"line":54,"column":6},"end":{"line":54,"column":23}},"17":{"start":{"line":59,"column":0},"end":{"line":59,"column":40}}},"fnMap":{"0":{"name":"createWeekCalculator","decl":{"start":{"line":18,"column":9},"end":{"line":18,"column":29}},"loc":{"start":{"line":18,"column":43},"end":{"line":57,"column":1}},"line":18},"1":{"name":"(anonymous_1)","decl":{"start":{"line":27,"column":32},"end":{"line":27,"column":33}},"loc":{"start":{"line":27,"column":42},"end":{"line":39,"column":3}},"line":27},"2":{"name":"(anonymous_2)","decl":{"start":{"line":42,"column":4},"end":{"line":42,"column":5}},"loc":{"start":{"line":42,"column":20},"end":{"line":44,"column":5}},"line":42},"3":{"name":"(anonymous_3)","decl":{"start":{"line":45,"column":4},"end":{"line":45,"column":5}},"loc":{"start":{"line":45,"column":14},"end":{"line":48,"column":5}},"line":45},"4":{"name":"(anonymous_4)","decl":{"start":{"line":49,"column":4},"end":{"line":49,"column":5}},"loc":{"start":{"line":49,"column":19},"end":{"line":52,"column":5}},"line":49},"5":{"name":"(anonymous_5)","decl":{"start":{"line":53,"column":4},"end":{"line":53,"column":5}},"loc":{"start":{"line":53,"column":12},"end":{"line":55,"column":5}},"line":53}},"branchMap":{"0":{"loc":{"start":{"line":19,"column":13},"end":{"line":19,"column":61}},"type":"cond-expr","locations":[{"start":{"line":19,"column":27},"end":{"line":19,"column":48}},{"start":{"line":19,"column":51},"end":{"line":19,"column":61}}],"line":19},"1":{"loc":{"start":{"line":32,"column":47},"end":{"line":32,"column":69}},"type":"binary-expr","locations":[{"start":{"line":32,"column":47},"end":{"line":32,"column":64}},{"start":{"line":32,"column":68},"end":{"line":32,"column":69}}],"line":32}},"s":{"0":5,"1":5,"2":5,"3":5,"4":4,"5":4,"6":4,"7":4,"8":4,"9":4,"10":5,"11":4,"12":2,"13":2,"14":2,"15":2,"16":0,"17":1},"f":{"0":5,"1":4,"2":4,"3":2,"4":2,"5":0},"b":{"0":[4,1],"1":[4,0]},"_coverageSchema":"1a1c01bbd47fc00a2c39e90264f33305004495a9","hash":"ea8f9e4973a681454dfd5be55225ff3b243729bb"}
}
