{"/Users/tvogel/Documents/schule/gibmit/133_Modul/shoolTimeTable_133/js/date.js": {"path":"/Users/tvogel/Documents/schule/gibmit/133_Modul/shoolTimeTable_133/js/date.js","statementMap":{"0":{"start":{"line":19,"column":13},"end":{"line":19,"column":61}},"1":{"start":{"line":20,"column":15},"end":{"line":20,"column":24}},"2":{"start":{"line":21,"column":14},"end":{"line":21,"column":22}},"3":{"start":{"line":27,"column":32},"end":{"line":39,"column":3}},"4":{"start":{"line":29,"column":21},"end":{"line":29,"column":45}},"5":{"start":{"line":30,"column":4},"end":{"line":30,"column":33}},"6":{"start":{"line":32,"column":4},"end":{"line":32,"column":71}},"7":{"start":{"line":34,"column":22},"end":{"line":34,"column":60}},"8":{"start":{"line":36,"column":23},"end":{"line":36,"column":74}},"9":{"start":{"line":38,"column":4},"end":{"line":38,"column":53}},"10":{"start":{"line":41,"column":2},"end":{"line":56,"column":3}},"11":{"start":{"line":43,"column":6},"end":{"line":43,"column":40}},"12":{"start":{"line":46,"column":23},"end":{"line":46,"column":44}},"13":{"start":{"line":47,"column":6},"end":{"line":47,"column":28}},"14":{"start":{"line":50,"column":27},"end":{"line":50,"column":48}},"15":{"start":{"line":51,"column":6},"end":{"line":51,"column":32}},"16":{"start":{"line":54,"column":6},"end":{"line":54,"column":23}},"17":{"start":{"line":59,"column":0},"end":{"line":59,"column":40}}},"fnMap":{"0":{"name":"createWeekCalculator","decl":{"start":{"line":18,"column":9},"end":{"line":18,"column":29}},"loc":{"start":{"line":18,"column":43},"end":{"line":57,"column":1}},"line":18},"1":{"name":"(anonymous_1)","decl":{"start":{"line":27,"column":32},"end":{"line":27,"column":33}},"loc":{"start":{"line":27,"column":42},"end":{"line":39,"column":3}},"line":27},"2":{"name":"(anonymous_2)","decl":{"start":{"line":42,"column":4},"end":{"line":42,"column":5}},"loc":{"start":{"line":42,"column":20},"end":{"line":44,"column":5}},"line":42},"3":{"name":"(anonymous_3)","decl":{"start":{"line":45,"column":4},"end":{"line":45,"column":5}},"loc":{"start":{"line":45,"column":14},"end":{"line":48,"column":5}},"line":45},"4":{"name":"(anonymous_4)","decl":{"start":{"line":49,"column":4},"end":{"line":49,"column":5}},"loc":{"start":{"line":49,"column":19},"end":{"line":52,"column":5}},"line":49},"5":{"name":"(anonymous_5)","decl":{"start":{"line":53,"column":4},"end":{"line":53,"column":5}},"loc":{"start":{"line":53,"column":12},"end":{"line":55,"column":5}},"line":53}},"branchMap":{"0":{"loc":{"start":{"line":19,"column":13},"end":{"line":19,"column":61}},"type":"cond-expr","locations":[{"start":{"line":19,"column":27},"end":{"line":19,"column":48}},{"start":{"line":19,"column":51},"end":{"line":19,"column":61}}],"line":19},"1":{"loc":{"start":{"line":32,"column":47},"end":{"line":32,"column":69}},"type":"binary-expr","locations":[{"start":{"line":32,"column":47},"end":{"line":32,"column":64}},{"start":{"line":32,"column":68},"end":{"line":32,"column":69}}],"line":32}},"s":{"0":5,"1":5,"2":5,"3":5,"4":4,"5":4,"6":4,"7":4,"8":4,"9":4,"10":5,"11":4,"12":2,"13":2,"14":2,"15":2,"16":0,"17":1},"f":{"0":5,"1":4,"2":4,"3":2,"4":2,"5":0},"b":{"0":[4,1],"1":[4,0]},"_coverageSchema":"1a1c01bbd47fc00a2c39e90264f33305004495a9","hash":"ea8f9e4973a681454dfd5be55225ff3b243729bb"}
,"/Users/tvogel/Documents/schule/gibmit/133_Modul/shoolTimeTable_133/js/main.js": {"path":"/Users/tvogel/Documents/schule/gibmit/133_Modul/shoolTimeTable_133/js/main.js","statementMap":{"0":{"start":{"line":2,"column":10},"end":{"line":2,"column":27}},"1":{"start":{"line":4,"column":13},"end":{"line":4,"column":23}},"2":{"start":{"line":6,"column":16},"end":{"line":6,"column":29}},"3":{"start":{"line":7,"column":24},"end":{"line":7,"column":45}},"4":{"start":{"line":9,"column":18},"end":{"line":9,"column":33}},"5":{"start":{"line":10,"column":19},"end":{"line":10,"column":35}},"6":{"start":{"line":11,"column":21},"end":{"line":11,"column":37}},"7":{"start":{"line":12,"column":23},"end":{"line":12,"column":43}},"8":{"start":{"line":14,"column":16},"end":{"line":14,"column":29}},"9":{"start":{"line":15,"column":16},"end":{"line":15,"column":29}},"10":{"start":{"line":16,"column":20},"end":{"line":16,"column":37}},"11":{"start":{"line":18,"column":12},"end":{"line":18,"column":21}},"12":{"start":{"line":19,"column":16},"end":{"line":19,"column":29}},"13":{"start":{"line":21,"column":26},"end":{"line":21,"column":49}},"14":{"start":{"line":22,"column":28},"end":{"line":22,"column":53}},"15":{"start":{"line":25,"column":13},"end":{"line":25,"column":35}},"16":{"start":{"line":27,"column":29},"end":{"line":27,"column":49}},"17":{"start":{"line":35,"column":23},"end":{"line":35,"column":82}},"18":{"start":{"line":35,"column":48},"end":{"line":35,"column":82}},"19":{"start":{"line":42,"column":20},"end":{"line":42,"column":47}},"20":{"start":{"line":42,"column":33},"end":{"line":42,"column":47}},"21":{"start":{"line":49,"column":20},"end":{"line":49,"column":47}},"22":{"start":{"line":49,"column":33},"end":{"line":49,"column":47}},"23":{"start":{"line":56,"column":22},"end":{"line":56,"column":55}},"24":{"start":{"line":56,"column":35},"end":{"line":56,"column":55}},"25":{"start":{"line":63,"column":20},"end":{"line":63,"column":46}},"26":{"start":{"line":63,"column":30},"end":{"line":63,"column":46}},"27":{"start":{"line":69,"column":0},"end":{"line":112,"column":3}},"28":{"start":{"line":71,"column":2},"end":{"line":71,"column":13}},"29":{"start":{"line":76,"column":2},"end":{"line":84,"column":5}},"30":{"start":{"line":77,"column":4},"end":{"line":77,"column":32}},"31":{"start":{"line":78,"column":4},"end":{"line":78,"column":32}},"32":{"start":{"line":80,"column":4},"end":{"line":80,"column":53}},"33":{"start":{"line":81,"column":4},"end":{"line":81,"column":78}},"34":{"start":{"line":83,"column":4},"end":{"line":83,"column":37}},"35":{"start":{"line":90,"column":2},"end":{"line":97,"column":5}},"36":{"start":{"line":91,"column":4},"end":{"line":91,"column":56}},"37":{"start":{"line":92,"column":4},"end":{"line":92,"column":81}},"38":{"start":{"line":94,"column":4},"end":{"line":94,"column":17}},"39":{"start":{"line":96,"column":4},"end":{"line":96,"column":39}},"40":{"start":{"line":101,"column":2},"end":{"line":104,"column":5}},"41":{"start":{"line":102,"column":4},"end":{"line":102,"column":24}},"42":{"start":{"line":103,"column":4},"end":{"line":103,"column":49}},"43":{"start":{"line":108,"column":2},"end":{"line":111,"column":5}},"44":{"start":{"line":109,"column":4},"end":{"line":109,"column":19}},"45":{"start":{"line":110,"column":4},"end":{"line":110,"column":49}},"46":{"start":{"line":122,"column":21},"end":{"line":122,"column":25}},"47":{"start":{"line":123,"column":2},"end":{"line":127,"column":4}},"48":{"start":{"line":123,"column":29},"end":{"line":126,"column":14}},"49":{"start":{"line":136,"column":2},"end":{"line":136,"column":56}},"50":{"start":{"line":146,"column":2},"end":{"line":146,"column":23}},"51":{"start":{"line":147,"column":2},"end":{"line":147,"column":19}},"52":{"start":{"line":148,"column":2},"end":{"line":148,"column":30}},"53":{"start":{"line":149,"column":2},"end":{"line":149,"column":34}},"54":{"start":{"line":150,"column":2},"end":{"line":150,"column":35}},"55":{"start":{"line":157,"column":2},"end":{"line":157,"column":23}},"56":{"start":{"line":158,"column":2},"end":{"line":158,"column":19}},"57":{"start":{"line":165,"column":2},"end":{"line":165,"column":19}},"58":{"start":{"line":166,"column":2},"end":{"line":166,"column":23}},"59":{"start":{"line":175,"column":23},"end":{"line":180,"column":3}},"60":{"start":{"line":186,"column":18},"end":{"line":203,"column":3}},"61":{"start":{"line":190,"column":6},"end":{"line":190,"column":84}},"62":{"start":{"line":193,"column":6},"end":{"line":198,"column":7}},"63":{"start":{"line":196,"column":8},"end":{"line":196,"column":51}},"64":{"start":{"line":197,"column":8},"end":{"line":197,"column":53}},"65":{"start":{"line":201,"column":6},"end":{"line":201,"column":84}},"66":{"start":{"line":204,"column":2},"end":{"line":204,"column":32}},"67":{"start":{"line":226,"column":13},"end":{"line":226,"column":61}},"68":{"start":{"line":227,"column":15},"end":{"line":227,"column":24}},"69":{"start":{"line":228,"column":14},"end":{"line":228,"column":22}},"70":{"start":{"line":234,"column":32},"end":{"line":246,"column":3}},"71":{"start":{"line":236,"column":21},"end":{"line":236,"column":45}},"72":{"start":{"line":237,"column":4},"end":{"line":237,"column":33}},"73":{"start":{"line":239,"column":4},"end":{"line":239,"column":71}},"74":{"start":{"line":241,"column":22},"end":{"line":241,"column":60}},"75":{"start":{"line":243,"column":23},"end":{"line":243,"column":74}},"76":{"start":{"line":245,"column":4},"end":{"line":245,"column":53}},"77":{"start":{"line":248,"column":2},"end":{"line":263,"column":3}},"78":{"start":{"line":250,"column":6},"end":{"line":250,"column":40}},"79":{"start":{"line":253,"column":23},"end":{"line":253,"column":44}},"80":{"start":{"line":254,"column":6},"end":{"line":254,"column":28}},"81":{"start":{"line":257,"column":27},"end":{"line":257,"column":48}},"82":{"start":{"line":258,"column":6},"end":{"line":258,"column":32}},"83":{"start":{"line":261,"column":6},"end":{"line":261,"column":23}},"84":{"start":{"line":270,"column":2},"end":{"line":270,"column":16}},"85":{"start":{"line":271,"column":2},"end":{"line":284,"column":7}},"86":{"start":{"line":273,"column":6},"end":{"line":278,"column":7}},"87":{"start":{"line":274,"column":8},"end":{"line":274,"column":92}},"88":{"start":{"line":276,"column":8},"end":{"line":276,"column":119}},"89":{"start":{"line":277,"column":8},"end":{"line":277,"column":48}},"90":{"start":{"line":279,"column":28},"end":{"line":279,"column":75}},"91":{"start":{"line":281,"column":6},"end":{"line":281,"column":33}},"92":{"start":{"line":283,"column":6},"end":{"line":283,"column":17}},"93":{"start":{"line":293,"column":2},"end":{"line":309,"column":7}},"94":{"start":{"line":295,"column":6},"end":{"line":295,"column":34}},"95":{"start":{"line":296,"column":6},"end":{"line":301,"column":7}},"96":{"start":{"line":297,"column":8},"end":{"line":297,"column":97}},"97":{"start":{"line":299,"column":8},"end":{"line":299,"column":128}},"98":{"start":{"line":300,"column":8},"end":{"line":300,"column":53}},"99":{"start":{"line":303,"column":28},"end":{"line":303,"column":77}},"100":{"start":{"line":304,"column":6},"end":{"line":304,"column":36}},"101":{"start":{"line":306,"column":6},"end":{"line":306,"column":37}},"102":{"start":{"line":308,"column":6},"end":{"line":308,"column":17}},"103":{"start":{"line":318,"column":2},"end":{"line":358,"column":7}},"104":{"start":{"line":320,"column":6},"end":{"line":320,"column":34}},"105":{"start":{"line":321,"column":6},"end":{"line":351,"column":7}},"106":{"start":{"line":322,"column":8},"end":{"line":322,"column":34}},"107":{"start":{"line":323,"column":8},"end":{"line":323,"column":32}},"108":{"start":{"line":325,"column":8},"end":{"line":325,"column":32}},"109":{"start":{"line":326,"column":8},"end":{"line":326,"column":34}},"110":{"start":{"line":328,"column":25},"end":{"line":336,"column":9}},"111":{"start":{"line":338,"column":29},"end":{"line":348,"column":9}},"112":{"start":{"line":339,"column":8},"end":{"line":347,"column":14}},"113":{"start":{"line":350,"column":8},"end":{"line":350,"column":48}},"114":{"start":{"line":353,"column":33},"end":{"line":353,"column":65}},"115":{"start":{"line":354,"column":6},"end":{"line":354,"column":54}},"116":{"start":{"line":356,"column":6},"end":{"line":356,"column":17}},"117":{"start":{"line":357,"column":6},"end":{"line":357,"column":36}},"118":{"start":{"line":366,"column":14},"end":{"line":366,"column":49}},"119":{"start":{"line":367,"column":2},"end":{"line":373,"column":7}},"120":{"start":{"line":369,"column":6},"end":{"line":369,"column":18}},"121":{"start":{"line":372,"column":6},"end":{"line":372,"column":37}},"122":{"start":{"line":383,"column":14},"end":{"line":383,"column":50}},"123":{"start":{"line":384,"column":21},"end":{"line":384,"column":55}},"124":{"start":{"line":385,"column":2},"end":{"line":391,"column":7}},"125":{"start":{"line":387,"column":6},"end":{"line":387,"column":18}},"126":{"start":{"line":390,"column":6},"end":{"line":390,"column":41}},"127":{"start":{"line":401,"column":14},"end":{"line":401,"column":48}},"128":{"start":{"line":402,"column":22},"end":{"line":402,"column":74}},"129":{"start":{"line":403,"column":2},"end":{"line":409,"column":7}},"130":{"start":{"line":405,"column":6},"end":{"line":405,"column":18}},"131":{"start":{"line":408,"column":6},"end":{"line":408,"column":43}},"132":{"start":{"line":412,"column":0},"end":{"line":412,"column":25}}},"fnMap":{"0":{"name":"(anonymous_0)","decl":{"start":{"line":35,"column":23},"end":{"line":35,"column":24}},"loc":{"start":{"line":35,"column":48},"end":{"line":35,"column":82}},"line":35},"1":{"name":"(anonymous_1)","decl":{"start":{"line":42,"column":20},"end":{"line":42,"column":21}},"loc":{"start":{"line":42,"column":33},"end":{"line":42,"column":47}},"line":42},"2":{"name":"(anonymous_2)","decl":{"start":{"line":49,"column":20},"end":{"line":49,"column":21}},"loc":{"start":{"line":49,"column":33},"end":{"line":49,"column":47}},"line":49},"3":{"name":"(anonymous_3)","decl":{"start":{"line":56,"column":22},"end":{"line":56,"column":23}},"loc":{"start":{"line":56,"column":35},"end":{"line":56,"column":55}},"line":56},"4":{"name":"(anonymous_4)","decl":{"start":{"line":63,"column":20},"end":{"line":63,"column":21}},"loc":{"start":{"line":63,"column":30},"end":{"line":63,"column":46}},"line":63},"5":{"name":"(anonymous_5)","decl":{"start":{"line":69,"column":2},"end":{"line":69,"column":3}},"loc":{"start":{"line":69,"column":14},"end":{"line":112,"column":1}},"line":69},"6":{"name":"(anonymous_6)","decl":{"start":{"line":76,"column":14},"end":{"line":76,"column":15}},"loc":{"start":{"line":76,"column":37},"end":{"line":84,"column":3}},"line":76},"7":{"name":"(anonymous_7)","decl":{"start":{"line":90,"column":17},"end":{"line":90,"column":18}},"loc":{"start":{"line":90,"column":40},"end":{"line":97,"column":3}},"line":90},"8":{"name":"(anonymous_8)","decl":{"start":{"line":101,"column":16},"end":{"line":101,"column":17}},"loc":{"start":{"line":101,"column":22},"end":{"line":104,"column":3}},"line":101},"9":{"name":"(anonymous_9)","decl":{"start":{"line":108,"column":16},"end":{"line":108,"column":17}},"loc":{"start":{"line":108,"column":22},"end":{"line":111,"column":3}},"line":108},"10":{"name":"createOptions","decl":{"start":{"line":121,"column":9},"end":{"line":121,"column":22}},"loc":{"start":{"line":121,"column":35},"end":{"line":128,"column":1}},"line":121},"11":{"name":"(anonymous_11)","decl":{"start":{"line":123,"column":18},"end":{"line":123,"column":19}},"loc":{"start":{"line":123,"column":29},"end":{"line":126,"column":14}},"line":123},"12":{"name":"cell","decl":{"start":{"line":135,"column":9},"end":{"line":135,"column":13}},"loc":{"start":{"line":135,"column":23},"end":{"line":137,"column":1}},"line":135},"13":{"name":"errorAlert","decl":{"start":{"line":145,"column":9},"end":{"line":145,"column":19}},"loc":{"start":{"line":145,"column":29},"end":{"line":151,"column":1}},"line":145},"14":{"name":"showBody","decl":{"start":{"line":156,"column":9},"end":{"line":156,"column":17}},"loc":{"start":{"line":156,"column":20},"end":{"line":159,"column":1}},"line":156},"15":{"name":"showSpinner","decl":{"start":{"line":164,"column":9},"end":{"line":164,"column":20}},"loc":{"start":{"line":164,"column":23},"end":{"line":167,"column":1}},"line":164},"16":{"name":"getUserPreferences","decl":{"start":{"line":173,"column":9},"end":{"line":173,"column":27}},"loc":{"start":{"line":173,"column":30},"end":{"line":205,"column":1}},"line":173},"17":{"name":"(anonymous_17)","decl":{"start":{"line":187,"column":9},"end":{"line":187,"column":10}},"loc":{"start":{"line":187,"column":24},"end":{"line":191,"column":5}},"line":187},"18":{"name":"(anonymous_18)","decl":{"start":{"line":192,"column":9},"end":{"line":192,"column":10}},"loc":{"start":{"line":192,"column":31},"end":{"line":202,"column":5}},"line":192},"19":{"name":"createWeekCalculator","decl":{"start":{"line":225,"column":9},"end":{"line":225,"column":29}},"loc":{"start":{"line":225,"column":43},"end":{"line":264,"column":1}},"line":225},"20":{"name":"(anonymous_20)","decl":{"start":{"line":234,"column":32},"end":{"line":234,"column":33}},"loc":{"start":{"line":234,"column":42},"end":{"line":246,"column":3}},"line":234},"21":{"name":"(anonymous_21)","decl":{"start":{"line":249,"column":4},"end":{"line":249,"column":5}},"loc":{"start":{"line":249,"column":20},"end":{"line":251,"column":5}},"line":249},"22":{"name":"(anonymous_22)","decl":{"start":{"line":252,"column":4},"end":{"line":252,"column":5}},"loc":{"start":{"line":252,"column":14},"end":{"line":255,"column":5}},"line":252},"23":{"name":"(anonymous_23)","decl":{"start":{"line":256,"column":4},"end":{"line":256,"column":5}},"loc":{"start":{"line":256,"column":19},"end":{"line":259,"column":5}},"line":256},"24":{"name":"(anonymous_24)","decl":{"start":{"line":260,"column":4},"end":{"line":260,"column":5}},"loc":{"start":{"line":260,"column":12},"end":{"line":262,"column":5}},"line":260},"25":{"name":"showJobs","decl":{"start":{"line":269,"column":9},"end":{"line":269,"column":17}},"loc":{"start":{"line":269,"column":20},"end":{"line":285,"column":1}},"line":269},"26":{"name":"(anonymous_26)","decl":{"start":{"line":272,"column":10},"end":{"line":272,"column":11}},"loc":{"start":{"line":272,"column":20},"end":{"line":284,"column":5}},"line":272},"27":{"name":"showCourses","decl":{"start":{"line":292,"column":9},"end":{"line":292,"column":20}},"loc":{"start":{"line":292,"column":28},"end":{"line":310,"column":1}},"line":292},"28":{"name":"(anonymous_28)","decl":{"start":{"line":294,"column":10},"end":{"line":294,"column":11}},"loc":{"start":{"line":294,"column":20},"end":{"line":309,"column":5}},"line":294},"29":{"name":"showTimetable","decl":{"start":{"line":317,"column":9},"end":{"line":317,"column":22}},"loc":{"start":{"line":317,"column":33},"end":{"line":359,"column":1}},"line":317},"30":{"name":"(anonymous_30)","decl":{"start":{"line":319,"column":10},"end":{"line":319,"column":11}},"loc":{"start":{"line":319,"column":20},"end":{"line":358,"column":5}},"line":319},"31":{"name":"(anonymous_31)","decl":{"start":{"line":338,"column":38},"end":{"line":338,"column":39}},"loc":{"start":{"line":339,"column":8},"end":{"line":347,"column":14}},"line":339},"32":{"name":"getJobs","decl":{"start":{"line":365,"column":9},"end":{"line":365,"column":16}},"loc":{"start":{"line":365,"column":19},"end":{"line":374,"column":1}},"line":365},"33":{"name":"(anonymous_33)","decl":{"start":{"line":368,"column":10},"end":{"line":368,"column":11}},"loc":{"start":{"line":368,"column":20},"end":{"line":370,"column":5}},"line":368},"34":{"name":"(anonymous_34)","decl":{"start":{"line":371,"column":10},"end":{"line":371,"column":11}},"loc":{"start":{"line":371,"column":16},"end":{"line":373,"column":5}},"line":371},"35":{"name":"getCourses","decl":{"start":{"line":382,"column":9},"end":{"line":382,"column":19}},"loc":{"start":{"line":382,"column":27},"end":{"line":392,"column":1}},"line":382},"36":{"name":"(anonymous_36)","decl":{"start":{"line":386,"column":10},"end":{"line":386,"column":11}},"loc":{"start":{"line":386,"column":20},"end":{"line":388,"column":5}},"line":386},"37":{"name":"(anonymous_37)","decl":{"start":{"line":389,"column":10},"end":{"line":389,"column":11}},"loc":{"start":{"line":389,"column":16},"end":{"line":391,"column":5}},"line":389},"38":{"name":"getTimetable","decl":{"start":{"line":400,"column":9},"end":{"line":400,"column":21}},"loc":{"start":{"line":400,"column":32},"end":{"line":410,"column":1}},"line":400},"39":{"name":"(anonymous_39)","decl":{"start":{"line":404,"column":10},"end":{"line":404,"column":11}},"loc":{"start":{"line":404,"column":20},"end":{"line":406,"column":5}},"line":404},"40":{"name":"(anonymous_40)","decl":{"start":{"line":407,"column":10},"end":{"line":407,"column":11}},"loc":{"start":{"line":407,"column":16},"end":{"line":409,"column":5}},"line":407}},"branchMap":{"0":{"loc":{"start":{"line":190,"column":13},"end":{"line":190,"column":83}},"type":"cond-expr","locations":[{"start":{"line":190,"column":43},"end":{"line":190,"column":76}},{"start":{"line":190,"column":79},"end":{"line":190,"column":83}}],"line":190},"1":{"loc":{"start":{"line":193,"column":6},"end":{"line":198,"column":7}},"type":"if","locations":[{"start":{"line":193,"column":6},"end":{"line":198,"column":7}},{"start":{"line":193,"column":6},"end":{"line":198,"column":7}}],"line":193},"2":{"loc":{"start":{"line":201,"column":6},"end":{"line":201,"column":83}},"type":"cond-expr","locations":[{"start":{"line":201,"column":36},"end":{"line":201,"column":76}},{"start":{"line":201,"column":79},"end":{"line":201,"column":83}}],"line":201},"3":{"loc":{"start":{"line":226,"column":13},"end":{"line":226,"column":61}},"type":"cond-expr","locations":[{"start":{"line":226,"column":27},"end":{"line":226,"column":48}},{"start":{"line":226,"column":51},"end":{"line":226,"column":61}}],"line":226},"4":{"loc":{"start":{"line":239,"column":47},"end":{"line":239,"column":69}},"type":"binary-expr","locations":[{"start":{"line":239,"column":47},"end":{"line":239,"column":64}},{"start":{"line":239,"column":68},"end":{"line":239,"column":69}}],"line":239},"5":{"loc":{"start":{"line":273,"column":6},"end":{"line":278,"column":7}},"type":"if","locations":[{"start":{"line":273,"column":6},"end":{"line":278,"column":7}},{"start":{"line":273,"column":6},"end":{"line":278,"column":7}}],"line":273},"6":{"loc":{"start":{"line":296,"column":6},"end":{"line":301,"column":7}},"type":"if","locations":[{"start":{"line":296,"column":6},"end":{"line":301,"column":7}},{"start":{"line":296,"column":6},"end":{"line":301,"column":7}}],"line":296},"7":{"loc":{"start":{"line":321,"column":6},"end":{"line":351,"column":7}},"type":"if","locations":[{"start":{"line":321,"column":6},"end":{"line":351,"column":7}},{"start":{"line":321,"column":6},"end":{"line":351,"column":7}}],"line":321},"8":{"loc":{"start":{"line":384,"column":21},"end":{"line":384,"column":55}},"type":"cond-expr","locations":[{"start":{"line":384,"column":29},"end":{"line":384,"column":48}},{"start":{"line":384,"column":51},"end":{"line":384,"column":55}}],"line":384}},"s":{"0":2,"1":2,"2":2,"3":2,"4":2,"5":2,"6":2,"7":2,"8":2,"9":2,"10":2,"11":2,"12":2,"13":2,"14":2,"15":2,"16":2,"17":2,"18":0,"19":2,"20":0,"21":2,"22":0,"23":2,"24":0,"25":2,"26":0,"27":2,"28":0,"29":0,"30":0,"31":0,"32":0,"33":0,"34":0,"35":0,"36":0,"37":0,"38":0,"39":0,"40":0,"41":0,"42":0,"43":0,"44":0,"45":0,"46":0,"47":0,"48":0,"49":0,"50":0,"51":0,"52":0,"53":0,"54":0,"55":0,"56":0,"57":0,"58":0,"59":2,"60":2,"61":0,"62":0,"63":0,"64":0,"65":0,"66":2,"67":2,"68":2,"69":2,"70":2,"71":0,"72":0,"73":0,"74":0,"75":0,"76":0,"77":2,"78":0,"79":0,"80":0,"81":0,"82":0,"83":0,"84":0,"85":0,"86":0,"87":0,"88":0,"89":0,"90":0,"91":0,"92":0,"93":0,"94":0,"95":0,"96":0,"97":0,"98":0,"99":0,"100":0,"101":0,"102":0,"103":0,"104":0,"105":0,"106":0,"107":0,"108":0,"109":0,"110":0,"111":0,"112":0,"113":0,"114":0,"115":0,"116":0,"117":0,"118":0,"119":0,"120":0,"121":0,"122":0,"123":0,"124":0,"125":0,"126":0,"127":0,"128":0,"129":0,"130":0,"131":0,"132":2},"f":{"0":0,"1":0,"2":0,"3":0,"4":0,"5":0,"6":0,"7":0,"8":0,"9":0,"10":0,"11":0,"12":0,"13":0,"14":0,"15":0,"16":2,"17":0,"18":0,"19":2,"20":0,"21":0,"22":0,"23":0,"24":0,"25":0,"26":0,"27":0,"28":0,"29":0,"30":0,"31":0,"32":0,"33":0,"34":0,"35":0,"36":0,"37":0,"38":0,"39":0,"40":0},"b":{"0":[0,0],"1":[0,0],"2":[0,0],"3":[0,2],"4":[0,0],"5":[0,0],"6":[0,0],"7":[0,0],"8":[0,0]},"_coverageSchema":"1a1c01bbd47fc00a2c39e90264f33305004495a9","hash":"8cf29de4ac4888b863705596045130db34c19702"}
}
