TN:
SF:js/date.js
FN:18,createWeekCalculator
FN:27,(anonymous_1)
FN:42,(anonymous_2)
FN:45,(anonymous_3)
FN:49,(anonymous_4)
FN:53,(anonymous_5)
FNF:6
FNH:5
FNDA:5,createWeekCalculator
FNDA:4,(anonymous_1)
FNDA:4,(anonymous_2)
FNDA:2,(anonymous_3)
FNDA:2,(anonymous_4)
FNDA:0,(anonymous_5)
DA:19,5
DA:20,5
DA:21,5
DA:27,5
DA:29,4
DA:30,4
DA:32,4
DA:34,4
DA:36,4
DA:38,4
DA:41,5
DA:43,4
DA:46,2
DA:47,2
DA:50,2
DA:51,2
DA:54,0
DA:59,1
LF:18
LH:17
BRDA:19,0,0,4
BRDA:19,0,1,1
BRDA:32,1,0,4
BRDA:32,1,1,0
BRF:4
BRH:3
end_of_record
TN:
SF:js/main.js
FN:35,(anonymous_0)
FN:42,(anonymous_1)
FN:49,(anonymous_2)
FN:56,(anonymous_3)
FN:63,(anonymous_4)
FN:69,(anonymous_5)
FN:76,(anonymous_6)
FN:90,(anonymous_7)
FN:101,(anonymous_8)
FN:108,(anonymous_9)
FN:121,createOptions
FN:123,(anonymous_11)
FN:135,cell
FN:145,errorAlert
FN:156,showBody
FN:164,showSpinner
FN:173,getUserPreferences
FN:187,(anonymous_17)
FN:192,(anonymous_18)
FN:225,createWeekCalculator
FN:234,(anonymous_20)
FN:249,(anonymous_21)
FN:252,(anonymous_22)
FN:256,(anonymous_23)
FN:260,(anonymous_24)
FN:269,showJobs
FN:272,(anonymous_26)
FN:292,showCourses
FN:294,(anonymous_28)
FN:317,showTimetable
FN:319,(anonymous_30)
FN:338,(anonymous_31)
FN:365,getJobs
FN:368,(anonymous_33)
FN:371,(anonymous_34)
FN:382,getCourses
FN:386,(anonymous_36)
FN:389,(anonymous_37)
FN:400,getTimetable
FN:404,(anonymous_39)
FN:407,(anonymous_40)
FNF:41
FNH:2
FNDA:0,(anonymous_0)
FNDA:0,(anonymous_1)
FNDA:0,(anonymous_2)
FNDA:0,(anonymous_3)
FNDA:0,(anonymous_4)
FNDA:0,(anonymous_5)
FNDA:0,(anonymous_6)
FNDA:0,(anonymous_7)
FNDA:0,(anonymous_8)
FNDA:0,(anonymous_9)
FNDA:0,createOptions
FNDA:0,(anonymous_11)
FNDA:0,cell
FNDA:0,errorAlert
FNDA:0,showBody
FNDA:0,showSpinner
FNDA:2,getUserPreferences
FNDA:0,(anonymous_17)
FNDA:0,(anonymous_18)
FNDA:2,createWeekCalculator
FNDA:0,(anonymous_20)
FNDA:0,(anonymous_21)
FNDA:0,(anonymous_22)
FNDA:0,(anonymous_23)
FNDA:0,(anonymous_24)
FNDA:0,showJobs
FNDA:0,(anonymous_26)
FNDA:0,showCourses
FNDA:0,(anonymous_28)
FNDA:0,showTimetable
FNDA:0,(anonymous_30)
FNDA:0,(anonymous_31)
FNDA:0,getJobs
FNDA:0,(anonymous_33)
FNDA:0,(anonymous_34)
FNDA:0,getCourses
FNDA:0,(anonymous_36)
FNDA:0,(anonymous_37)
FNDA:0,getTimetable
FNDA:0,(anonymous_39)
FNDA:0,(anonymous_40)
DA:2,2
DA:4,2
DA:6,2
DA:7,2
DA:9,2
DA:10,2
DA:11,2
DA:12,2
DA:14,2
DA:15,2
DA:16,2
DA:18,2
DA:19,2
DA:21,2
DA:22,2
DA:25,2
DA:27,2
DA:35,2
DA:42,2
DA:49,2
DA:56,2
DA:63,2
DA:69,2
DA:71,0
DA:76,0
DA:77,0
DA:78,0
DA:80,0
DA:81,0
DA:83,0
DA:90,0
DA:91,0
DA:92,0
DA:94,0
DA:96,0
DA:101,0
DA:102,0
DA:103,0
DA:108,0
DA:109,0
DA:110,0
DA:122,0
DA:123,0
DA:136,0
DA:146,0
DA:147,0
DA:148,0
DA:149,0
DA:150,0
DA:157,0
DA:158,0
DA:165,0
DA:166,0
DA:175,2
DA:186,2
DA:190,0
DA:193,0
DA:196,0
DA:197,0
DA:201,0
DA:204,2
DA:226,2
DA:227,2
DA:228,2
DA:234,2
DA:236,0
DA:237,0
DA:239,0
DA:241,0
DA:243,0
DA:245,0
DA:248,2
DA:250,0
DA:253,0
DA:254,0
DA:257,0
DA:258,0
DA:261,0
DA:270,0
DA:271,0
DA:273,0
DA:274,0
DA:276,0
DA:277,0
DA:279,0
DA:281,0
DA:283,0
DA:293,0
DA:295,0
DA:296,0
DA:297,0
DA:299,0
DA:300,0
DA:303,0
DA:304,0
DA:306,0
DA:308,0
DA:318,0
DA:320,0
DA:321,0
DA:322,0
DA:323,0
DA:325,0
DA:326,0
DA:328,0
DA:338,0
DA:339,0
DA:350,0
DA:353,0
DA:354,0
DA:356,0
DA:357,0
DA:366,0
DA:367,0
DA:369,0
DA:372,0
DA:383,0
DA:384,0
DA:385,0
DA:387,0
DA:390,0
DA:401,0
DA:402,0
DA:403,0
DA:405,0
DA:408,0
DA:412,2
LF:127
LH:32
BRDA:190,0,0,0
BRDA:190,0,1,0
BRDA:193,1,0,0
BRDA:193,1,1,0
BRDA:201,2,0,0
BRDA:201,2,1,0
BRDA:226,3,0,0
BRDA:226,3,1,2
BRDA:239,4,0,0
BRDA:239,4,1,0
BRDA:273,5,0,0
BRDA:273,5,1,0
BRDA:296,6,0,0
BRDA:296,6,1,0
BRDA:321,7,0,0
BRDA:321,7,1,0
BRDA:384,8,0,0
BRDA:384,8,1,0
BRF:18
BRH:1
end_of_record
