TN:
SF:js/date.js
FN:18,createWeekCalculator
FN:27,(anonymous_1)
FN:42,(anonymous_2)
FN:45,(anonymous_3)
FN:49,(anonymous_4)
FN:53,(anonymous_5)
FNF:6
FNH:5
FNDA:6,createWeekCalculator
FNDA:5,(anonymous_1)
FNDA:5,(anonymous_2)
FNDA:2,(anonymous_3)
FNDA:2,(anonymous_4)
FNDA:0,(anonymous_5)
DA:19,6
DA:20,6
DA:21,6
DA:27,6
DA:29,5
DA:30,5
DA:32,5
DA:34,5
DA:36,5
DA:38,5
DA:41,6
DA:43,5
DA:46,2
DA:47,2
DA:50,2
DA:51,2
DA:54,0
DA:59,1
LF:18
LH:17
BRDA:19,0,0,5
BRDA:19,0,1,1
BRDA:32,1,0,5
BRDA:32,1,1,0
BRF:4
BRH:3
end_of_record
